#-----------------------------------------------------------
# Vivado v2019.2 (64-bit)
# SW Build 2708876 on Wed Nov  6 21:40:23 MST 2019
# IP Build 2700528 on Thu Nov  7 00:09:20 MST 2019
# Start of session at: Thu Apr 29 18:01:32 2021
# Process ID: 6952
# Current directory: C:/Vivado_projects/vga_moving_block
# Command line: vivado.exe -gui_launcher_event rodinguilauncherevent1536 C:\Vivado_projects\vga_moving_block\vga_moving_block.xpr
# Log file: C:/Vivado_projects/vga_moving_block/vivado.log
# Journal file: C:/Vivado_projects/vga_moving_block\vivado.jou
#-----------------------------------------------------------
start_gui
open_project C:/Vivado_projects/vga_moving_block/vga_moving_block.xpr
Scanning sources...
Finished scanning sources
INFO: [IP_Flow 19-234] Refreshing IP repositories
INFO: [IP_Flow 19-1704] No user IP repositories specified
INFO: [IP_Flow 19-2313] Loaded Vivado IP repository 'C:/Xilinx/Vivado/2019.2/data/ip'.
update_compile_order -fileset sources_1
reset_run synth_1
launch_runs synth_1 -jobs 6
[Thu Apr 29 18:02:37 2021] Launched synth_1...
Run output will be captured here: C:/Vivado_projects/vga_moving_block/vga_moving_block.runs/synth_1/runme.log
launch_runs: Time (s): cpu = 00:00:02 ; elapsed = 00:00:18 . Memory (MB): peak = 713.785 ; gain = 4.398
launch_runs impl_1 -jobs 6
[Thu Apr 29 18:05:21 2021] Launched impl_1...
Run output will be captured here: C:/Vivado_projects/vga_moving_block/vga_moving_block.runs/impl_1/runme.log
launch_runs: Time (s): cpu = 00:00:01 ; elapsed = 00:00:18 . Memory (MB): peak = 727.957 ; gain = 0.000
exit
INFO: [Common 17-206] Exiting Vivado at Thu Apr 29 20:41:03 2021...
